app/build/intermediates/manifest_merge_blame_file/debug/manifest-merger-blame-debug-report.txt
1<?xml version="1.0" encoding="utf-8"?>
2<manifest xmlns:android="http://schemas.android.com/apk/res/android"
3    package="com.partime.user"
4    android:versionCode="2"
5    android:versionName="1.1" >
6
7    <uses-sdk
8        android:minSdkVersion="21"
8-->src/main/AndroidManifest.xml
9        android:targetSdkVersion="28" />
9-->src/main/AndroidManifest.xml
10
11    <uses-permission android:name="android.permission.INTERNET" />
11-->src/main/AndroidManifest.xml:5:5-67
11-->src/main/AndroidManifest.xml:5:22-64
12    <uses-permission android:name="android.permission.ACCESS_NETWORK_STATE" />
12-->src/main/AndroidManifest.xml:6:5-79
12-->src/main/AndroidManifest.xml:6:22-76
13    <uses-permission android:name="android.permission.CHANGE_NETWORK_STATE" />
13-->src/main/AndroidManifest.xml:7:5-79
13-->src/main/AndroidManifest.xml:7:22-76
14    <uses-permission android:name="android.permission.CAMERA" />
14-->src/main/AndroidManifest.xml:8:5-65
14-->src/main/AndroidManifest.xml:8:22-62
15    <uses-permission android:name="android.permission.WRITE_EXTERNAL_STORAGE" />
15-->src/main/AndroidManifest.xml:9:5-81
15-->src/main/AndroidManifest.xml:9:22-78
16    <uses-permission android:name="android.permission.READ_EXTERNAL_STORAGE" />
16-->src/main/AndroidManifest.xml:10:5-80
16-->src/main/AndroidManifest.xml:10:22-77
17    <uses-permission android:name="android.permission.ACCESS_COARSE_LOCATION" /> <!-- for gps -->
17-->src/main/AndroidManifest.xml:11:5-81
17-->src/main/AndroidManifest.xml:11:22-78
18    <uses-permission android:name="android.permission.ACCESS_FINE_LOCATION" /> <!-- //for wifi......... -->
18-->src/main/AndroidManifest.xml:12:5-79
18-->src/main/AndroidManifest.xml:12:22-76
19    <uses-permission android:name="android.permission.ACCESS_WIFI_STATE" />
19-->src/main/AndroidManifest.xml:13:5-76
19-->src/main/AndroidManifest.xml:13:22-73
20    <uses-permission android:name="android.permission.CHANGE_WIFI_STATE" />
20-->src/main/AndroidManifest.xml:14:5-76
20-->src/main/AndroidManifest.xml:14:22-73
21    <uses-permission android:name="android.permission.CALL_PHONE" />
21-->src/main/AndroidManifest.xml:15:5-69
21-->src/main/AndroidManifest.xml:15:22-66
22
23    <permission
23-->src/main/AndroidManifest.xml:17:5-19:47
24        android:name="android.permission.INTERACT_ACROSS_USERS_FULL"
24-->src/main/AndroidManifest.xml:18:9-69
25        android:protectionLevel="signature" />
25-->src/main/AndroidManifest.xml:19:9-44
26
27    <uses-feature
27-->[com.github.rtchagas:pingplacepicker:1.1.6] AndroidManifest.xml:11:5-13:35
28        android:glEsVersion="0x00020000"
28-->[com.github.rtchagas:pingplacepicker:1.1.6] AndroidManifest.xml:12:9-41
29        android:required="true" />
29-->[com.github.rtchagas:pingplacepicker:1.1.6] AndroidManifest.xml:13:9-32
30
31    <uses-permission android:name="android.permission.WAKE_LOCK" /> <!-- Required by older versions of Google Play services to create IID tokens -->
31-->[com.google.android.gms:play-services-measurement-api:17.2.0] AndroidManifest.xml:24:5-68
31-->[com.google.android.gms:play-services-measurement-api:17.2.0] AndroidManifest.xml:24:22-65
32    <uses-permission android:name="com.google.android.c2dm.permission.RECEIVE" />
32-->[com.google.firebase:firebase-iid:20.0.0] AndroidManifest.xml:26:5-82
32-->[com.google.firebase:firebase-iid:20.0.0] AndroidManifest.xml:26:22-79
33    <uses-permission android:name="com.google.android.finsky.permission.BIND_GET_INSTALL_REFERRER_SERVICE" />
33-->[com.google.android.gms:play-services-measurement:17.2.0] AndroidManifest.xml:26:5-110
33-->[com.google.android.gms:play-services-measurement:17.2.0] AndroidManifest.xml:26:22-107
34
35    <application
35-->src/main/AndroidManifest.xml:21:5-287:19
36        android:allowBackup="true"
36-->src/main/AndroidManifest.xml:22:9-35
37        android:appComponentFactory="androidx.core.app.CoreComponentFactory"
37-->[androidx.core:core:1.2.0-rc01] AndroidManifest.xml:24:18-86
38        android:debuggable="true"
39        android:hardwareAccelerated="true"
39-->src/main/AndroidManifest.xml:23:9-43
40        android:icon="@mipmap/app_icon"
40-->src/main/AndroidManifest.xml:24:9-40
41        android:label="@string/app_name"
41-->src/main/AndroidManifest.xml:25:9-41
42        android:largeHeap="true"
42-->src/main/AndroidManifest.xml:26:9-33
43        android:supportsRtl="true"
43-->src/main/AndroidManifest.xml:27:9-35
44        android:theme="@style/AppTheme"
44-->src/main/AndroidManifest.xml:28:9-40
45        android:usesCleartextTraffic="true" >
45-->src/main/AndroidManifest.xml:29:9-44
46        <activity android:name="com.partime.user.activities.ContactUsOptions" />
46-->src/main/AndroidManifest.xml:30:9-74
46-->src/main/AndroidManifest.xml:30:19-62
47        <activity
47-->src/main/AndroidManifest.xml:31:9-35:63
48            android:name="com.partime.user.activities.ViewScheduleActivity"
48-->src/main/AndroidManifest.xml:32:13-60
49            android:launchMode="singleTop"
49-->src/main/AndroidManifest.xml:33:13-43
50            android:screenOrientation="portrait"
50-->src/main/AndroidManifest.xml:34:13-49
51            android:windowSoftInputMode="stateAlwaysHidden" />
51-->src/main/AndroidManifest.xml:35:13-60
52        <activity
52-->src/main/AndroidManifest.xml:36:9-40:63
53            android:name="com.partime.user.activities.WorkHistoryActivity"
53-->src/main/AndroidManifest.xml:37:13-59
54            android:launchMode="singleTop"
54-->src/main/AndroidManifest.xml:38:13-43
55            android:screenOrientation="portrait"
55-->src/main/AndroidManifest.xml:39:13-49
56            android:windowSoftInputMode="stateAlwaysHidden" />
56-->src/main/AndroidManifest.xml:40:13-60
57        <activity
57-->src/main/AndroidManifest.xml:41:9-45:63
58            android:name="com.partime.user.activities.MyHistoryActivity"
58-->src/main/AndroidManifest.xml:42:13-57
59            android:launchMode="singleTop"
59-->src/main/AndroidManifest.xml:43:13-43
60            android:screenOrientation="portrait"
60-->src/main/AndroidManifest.xml:44:13-49
61            android:windowSoftInputMode="stateAlwaysHidden" />
61-->src/main/AndroidManifest.xml:45:13-60
62        <activity
62-->src/main/AndroidManifest.xml:46:9-50:63
63            android:name="com.partime.user.activities.AddNetworkActivity"
63-->src/main/AndroidManifest.xml:47:13-58
64            android:launchMode="singleTop"
64-->src/main/AndroidManifest.xml:48:13-43
65            android:screenOrientation="portrait"
65-->src/main/AndroidManifest.xml:49:13-49
66            android:windowSoftInputMode="stateAlwaysHidden" />
66-->src/main/AndroidManifest.xml:50:13-60
67        <activity
67-->src/main/AndroidManifest.xml:51:9-55:63
68            android:name="com.partime.user.activities.TaskDetailActivity"
68-->src/main/AndroidManifest.xml:52:13-58
69            android:launchMode="singleTop"
69-->src/main/AndroidManifest.xml:53:13-43
70            android:screenOrientation="portrait"
70-->src/main/AndroidManifest.xml:54:13-49
71            android:windowSoftInputMode="stateAlwaysHidden" />
71-->src/main/AndroidManifest.xml:55:13-60
72        <activity
72-->src/main/AndroidManifest.xml:56:9-60:63
73            android:name="com.partime.user.activities.TaskHistoryActivity"
73-->src/main/AndroidManifest.xml:57:13-59
74            android:launchMode="singleTop"
74-->src/main/AndroidManifest.xml:58:13-43
75            android:screenOrientation="portrait"
75-->src/main/AndroidManifest.xml:59:13-49
76            android:windowSoftInputMode="stateAlwaysHidden" />
76-->src/main/AndroidManifest.xml:60:13-60
77        <activity
77-->src/main/AndroidManifest.xml:61:9-65:63
78            android:name="com.partime.user.activities.MonthlyDataActivity"
78-->src/main/AndroidManifest.xml:62:13-59
79            android:launchMode="singleTop"
79-->src/main/AndroidManifest.xml:63:13-43
80            android:screenOrientation="portrait"
80-->src/main/AndroidManifest.xml:64:13-49
81            android:windowSoftInputMode="stateAlwaysHidden" />
81-->src/main/AndroidManifest.xml:65:13-60
82        <activity
82-->src/main/AndroidManifest.xml:66:9-70:63
83            android:name="com.partime.user.activities.TimeLogActivity"
83-->src/main/AndroidManifest.xml:67:13-55
84            android:launchMode="singleTop"
84-->src/main/AndroidManifest.xml:68:13-43
85            android:screenOrientation="portrait"
85-->src/main/AndroidManifest.xml:69:13-49
86            android:windowSoftInputMode="stateAlwaysHidden" />
86-->src/main/AndroidManifest.xml:70:13-60
87        <activity
87-->src/main/AndroidManifest.xml:71:9-74:66
88            android:name="com.partime.user.activities.ScheduleTaskActivity"
88-->src/main/AndroidManifest.xml:72:13-60
89            android:screenOrientation="portrait"
89-->src/main/AndroidManifest.xml:73:13-49
90            android:windowSoftInputMode="stateHidden" />
90-->src/main/AndroidManifest.xml:74:13-54
91        <activity
91-->src/main/AndroidManifest.xml:75:9-79:63
92            android:name="com.partime.user.activities.NotificationSettingsActivity"
92-->src/main/AndroidManifest.xml:76:13-68
93            android:launchMode="singleTop"
93-->src/main/AndroidManifest.xml:77:13-43
94            android:screenOrientation="portrait"
94-->src/main/AndroidManifest.xml:78:13-49
95            android:windowSoftInputMode="stateAlwaysHidden" />
95-->src/main/AndroidManifest.xml:79:13-60
96        <activity
96-->src/main/AndroidManifest.xml:80:9-84:63
97            android:name="com.partime.user.activities.TermsConditionsActivity"
97-->src/main/AndroidManifest.xml:81:13-63
98            android:launchMode="singleTop"
98-->src/main/AndroidManifest.xml:82:13-43
99            android:screenOrientation="portrait"
99-->src/main/AndroidManifest.xml:83:13-49
100            android:windowSoftInputMode="stateAlwaysHidden" />
100-->src/main/AndroidManifest.xml:84:13-60
101        <activity
101-->src/main/AndroidManifest.xml:85:9-89:63
102            android:name="com.partime.user.activities.UploadDocActivity"
102-->src/main/AndroidManifest.xml:86:13-57
103            android:launchMode="singleTop"
103-->src/main/AndroidManifest.xml:87:13-43
104            android:screenOrientation="portrait"
104-->src/main/AndroidManifest.xml:88:13-49
105            android:windowSoftInputMode="stateAlwaysHidden" />
105-->src/main/AndroidManifest.xml:89:13-60
106        <activity
106-->src/main/AndroidManifest.xml:90:9-94:63
107            android:name="com.partime.user.activities.ChatActivity"
107-->src/main/AndroidManifest.xml:91:13-52
108            android:launchMode="singleTop"
108-->src/main/AndroidManifest.xml:92:13-43
109            android:screenOrientation="portrait"
109-->src/main/AndroidManifest.xml:93:13-49
110            android:windowSoftInputMode="stateAlwaysHidden" />
110-->src/main/AndroidManifest.xml:94:13-60
111        <activity
111-->src/main/AndroidManifest.xml:95:9-99:63
112            android:name="com.partime.user.activities.MessagesActivity"
112-->src/main/AndroidManifest.xml:96:13-56
113            android:launchMode="singleTop"
113-->src/main/AndroidManifest.xml:97:13-43
114            android:screenOrientation="portrait"
114-->src/main/AndroidManifest.xml:98:13-49
115            android:windowSoftInputMode="stateAlwaysHidden" />
115-->src/main/AndroidManifest.xml:99:13-60
116        <activity
116-->src/main/AndroidManifest.xml:100:9-104:63
117            android:name="com.partime.user.activities.LocationFilterActivity"
117-->src/main/AndroidManifest.xml:101:13-62
118            android:launchMode="singleTop"
118-->src/main/AndroidManifest.xml:102:13-43
119            android:screenOrientation="portrait"
119-->src/main/AndroidManifest.xml:103:13-49
120            android:windowSoftInputMode="stateAlwaysHidden" />
120-->src/main/AndroidManifest.xml:104:13-60
121        <activity
121-->src/main/AndroidManifest.xml:105:9-109:63
122            android:name="com.partime.user.activities.HoursPerWeekActivity"
122-->src/main/AndroidManifest.xml:106:13-60
123            android:launchMode="singleTop"
123-->src/main/AndroidManifest.xml:107:13-43
124            android:screenOrientation="portrait"
124-->src/main/AndroidManifest.xml:108:13-49
125            android:windowSoftInputMode="stateAlwaysHidden" />
125-->src/main/AndroidManifest.xml:109:13-60
126        <activity
126-->src/main/AndroidManifest.xml:110:9-114:63
127            android:name="com.partime.user.activities.HourRateActivity"
127-->src/main/AndroidManifest.xml:111:13-56
128            android:launchMode="singleTop"
128-->src/main/AndroidManifest.xml:112:13-43
129            android:screenOrientation="portrait"
129-->src/main/AndroidManifest.xml:113:13-49
130            android:windowSoftInputMode="stateAlwaysHidden" />
130-->src/main/AndroidManifest.xml:114:13-60
131        <activity
131-->src/main/AndroidManifest.xml:115:9-119:59
132            android:name="com.partime.user.activities.CityFilterActivity"
132-->src/main/AndroidManifest.xml:116:13-58
133            android:launchMode="singleTop"
133-->src/main/AndroidManifest.xml:117:13-43
134            android:screenOrientation="portrait"
134-->src/main/AndroidManifest.xml:118:13-49
135            android:windowSoftInputMode="adjustNothing" />
135-->src/main/AndroidManifest.xml:119:13-56
136        <activity
136-->src/main/AndroidManifest.xml:120:9-124:63
137            android:name="com.partime.user.activities.StateFilterActivity"
137-->src/main/AndroidManifest.xml:121:13-59
138            android:launchMode="singleTop"
138-->src/main/AndroidManifest.xml:122:13-43
139            android:screenOrientation="portrait"
139-->src/main/AndroidManifest.xml:123:13-49
140            android:windowSoftInputMode="stateAlwaysHidden" />
140-->src/main/AndroidManifest.xml:124:13-60
141        <activity
141-->src/main/AndroidManifest.xml:125:9-129:63
142            android:name="com.partime.user.activities.CountryFilterActivity"
142-->src/main/AndroidManifest.xml:126:13-61
143            android:launchMode="singleTop"
143-->src/main/AndroidManifest.xml:127:13-43
144            android:screenOrientation="portrait"
144-->src/main/AndroidManifest.xml:128:13-49
145            android:windowSoftInputMode="stateAlwaysHidden" />
145-->src/main/AndroidManifest.xml:129:13-60
146        <activity
146-->src/main/AndroidManifest.xml:130:9-134:63
147            android:name="com.partime.user.activities.CompanyFilterActivity"
147-->src/main/AndroidManifest.xml:131:13-61
148            android:launchMode="singleTop"
148-->src/main/AndroidManifest.xml:132:13-43
149            android:screenOrientation="portrait"
149-->src/main/AndroidManifest.xml:133:13-49
150            android:windowSoftInputMode="stateAlwaysHidden" />
150-->src/main/AndroidManifest.xml:134:13-60
151        <activity
151-->src/main/AndroidManifest.xml:135:9-139:63
152            android:name="com.partime.user.activities.JobTitleFilterActivity"
152-->src/main/AndroidManifest.xml:136:13-62
153            android:launchMode="singleTop"
153-->src/main/AndroidManifest.xml:137:13-43
154            android:screenOrientation="portrait"
154-->src/main/AndroidManifest.xml:138:13-49
155            android:windowSoftInputMode="stateAlwaysHidden" />
155-->src/main/AndroidManifest.xml:139:13-60
156        <activity
156-->src/main/AndroidManifest.xml:140:9-143:63
157            android:name="com.partime.user.activities.IndustryFilterActivity"
157-->src/main/AndroidManifest.xml:141:13-62
158            android:screenOrientation="portrait"
158-->src/main/AndroidManifest.xml:142:13-49
159            android:windowSoftInputMode="stateAlwaysHidden" />
159-->src/main/AndroidManifest.xml:143:13-60
160        <activity
160-->src/main/AndroidManifest.xml:144:9-148:63
161            android:name="com.partime.user.activities.FiltersActivity"
161-->src/main/AndroidManifest.xml:145:13-55
162            android:launchMode="singleTop"
162-->src/main/AndroidManifest.xml:146:13-43
163            android:screenOrientation="portrait"
163-->src/main/AndroidManifest.xml:147:13-49
164            android:windowSoftInputMode="stateAlwaysHidden" />
164-->src/main/AndroidManifest.xml:148:13-60
165        <activity
165-->src/main/AndroidManifest.xml:149:9-153:63
166            android:name="com.partime.user.activities.AdvanceSettingsActivity"
166-->src/main/AndroidManifest.xml:150:13-63
167            android:launchMode="singleTop"
167-->src/main/AndroidManifest.xml:151:13-43
168            android:screenOrientation="portrait"
168-->src/main/AndroidManifest.xml:152:13-49
169            android:windowSoftInputMode="stateAlwaysHidden" />
169-->src/main/AndroidManifest.xml:153:13-60
170        <activity
170-->src/main/AndroidManifest.xml:154:9-158:63
171            android:name="com.partime.user.activities.ChangeLanguageActivity"
171-->src/main/AndroidManifest.xml:155:13-62
172            android:launchMode="singleTop"
172-->src/main/AndroidManifest.xml:156:13-43
173            android:screenOrientation="portrait"
173-->src/main/AndroidManifest.xml:157:13-49
174            android:windowSoftInputMode="stateAlwaysHidden" />
174-->src/main/AndroidManifest.xml:158:13-60
175        <activity
175-->src/main/AndroidManifest.xml:159:9-163:63
176            android:name="com.partime.user.activities.NotificationActivity"
176-->src/main/AndroidManifest.xml:160:13-60
177            android:launchMode="singleTop"
177-->src/main/AndroidManifest.xml:161:13-43
178            android:screenOrientation="portrait"
178-->src/main/AndroidManifest.xml:162:13-49
179            android:windowSoftInputMode="stateAlwaysHidden" />
179-->src/main/AndroidManifest.xml:163:13-60
180        <activity
180-->src/main/AndroidManifest.xml:164:9-168:63
181            android:name="com.partime.user.activities.ChangePasswordActivity"
181-->src/main/AndroidManifest.xml:165:13-62
182            android:launchMode="singleTop"
182-->src/main/AndroidManifest.xml:166:13-43
183            android:screenOrientation="portrait"
183-->src/main/AndroidManifest.xml:167:13-49
184            android:windowSoftInputMode="stateAlwaysHidden" />
184-->src/main/AndroidManifest.xml:168:13-60
185        <activity
185-->src/main/AndroidManifest.xml:169:9-173:63
186            android:name="com.partime.user.activities.EditEmailActivity"
186-->src/main/AndroidManifest.xml:170:13-57
187            android:launchMode="singleTop"
187-->src/main/AndroidManifest.xml:171:13-43
188            android:screenOrientation="portrait"
188-->src/main/AndroidManifest.xml:172:13-49
189            android:windowSoftInputMode="stateAlwaysHidden" />
189-->src/main/AndroidManifest.xml:173:13-60
190        <activity
190-->src/main/AndroidManifest.xml:174:9-178:63
191            android:name="com.partime.user.AccountSettingsActivity"
191-->src/main/AndroidManifest.xml:175:13-52
192            android:launchMode="singleTop"
192-->src/main/AndroidManifest.xml:176:13-43
193            android:screenOrientation="portrait"
193-->src/main/AndroidManifest.xml:177:13-49
194            android:windowSoftInputMode="stateAlwaysHidden" />
194-->src/main/AndroidManifest.xml:178:13-60
195        <activity
195-->src/main/AndroidManifest.xml:179:9-183:63
196            android:name="com.partime.user.activities.LanguageSelectionActivity"
196-->src/main/AndroidManifest.xml:180:13-65
197            android:launchMode="singleTop"
197-->src/main/AndroidManifest.xml:181:13-43
198            android:screenOrientation="portrait"
198-->src/main/AndroidManifest.xml:182:13-49
199            android:windowSoftInputMode="stateAlwaysHidden" />
199-->src/main/AndroidManifest.xml:183:13-60
200        <activity
200-->src/main/AndroidManifest.xml:184:9-188:63
201            android:name="com.partime.user.activities.SettingsActivity"
201-->src/main/AndroidManifest.xml:185:13-56
202            android:launchMode="singleTop"
202-->src/main/AndroidManifest.xml:186:13-43
203            android:screenOrientation="portrait"
203-->src/main/AndroidManifest.xml:187:13-49
204            android:windowSoftInputMode="stateAlwaysHidden" />
204-->src/main/AndroidManifest.xml:188:13-60
205        <activity
205-->src/main/AndroidManifest.xml:189:9-193:63
206            android:name="com.partime.user.activities.EditProfileActivity"
206-->src/main/AndroidManifest.xml:190:13-59
207            android:launchMode="singleTop"
207-->src/main/AndroidManifest.xml:191:13-43
208            android:screenOrientation="portrait"
208-->src/main/AndroidManifest.xml:192:13-49
209            android:windowSoftInputMode="stateAlwaysHidden" />
209-->src/main/AndroidManifest.xml:193:13-60
210        <activity
210-->src/main/AndroidManifest.xml:194:9-198:63
211            android:name="com.partime.user.activities.SavedJobsActivity"
211-->src/main/AndroidManifest.xml:195:13-57
212            android:launchMode="singleTop"
212-->src/main/AndroidManifest.xml:196:13-43
213            android:screenOrientation="portrait"
213-->src/main/AndroidManifest.xml:197:13-49
214            android:windowSoftInputMode="stateAlwaysHidden" />
214-->src/main/AndroidManifest.xml:198:13-60
215        <activity
215-->src/main/AndroidManifest.xml:199:9-203:63
216            android:name="com.partime.user.activities.ProfileActivity"
216-->src/main/AndroidManifest.xml:200:13-55
217            android:launchMode="singleTop"
217-->src/main/AndroidManifest.xml:201:13-43
218            android:screenOrientation="portrait"
218-->src/main/AndroidManifest.xml:202:13-49
219            android:windowSoftInputMode="stateAlwaysHidden" />
219-->src/main/AndroidManifest.xml:203:13-60
220
221        <uses-library
221-->src/main/AndroidManifest.xml:205:9-207:40
222            android:name="org.apache.http.legacy"
222-->src/main/AndroidManifest.xml:206:13-50
223            android:required="false" />
223-->src/main/AndroidManifest.xml:207:13-37
224
225        <activity
225-->src/main/AndroidManifest.xml:209:9-213:63
226            android:name="com.partime.user.activities.AboutUsActivity"
226-->src/main/AndroidManifest.xml:210:13-55
227            android:launchMode="singleTop"
227-->src/main/AndroidManifest.xml:211:13-43
228            android:screenOrientation="portrait"
228-->src/main/AndroidManifest.xml:212:13-49
229            android:windowSoftInputMode="stateAlwaysHidden" />
229-->src/main/AndroidManifest.xml:213:13-60
230        <activity
230-->src/main/AndroidManifest.xml:214:9-218:63
231            android:name="com.partime.user.activities.ContactUsActivity"
231-->src/main/AndroidManifest.xml:215:13-57
232            android:launchMode="singleTop"
232-->src/main/AndroidManifest.xml:216:13-43
233            android:screenOrientation="portrait"
233-->src/main/AndroidManifest.xml:217:13-49
234            android:windowSoftInputMode="stateAlwaysHidden" />
234-->src/main/AndroidManifest.xml:218:13-60
235        <activity
235-->src/main/AndroidManifest.xml:219:9-223:63
236            android:name="com.partime.user.activities.JobDescriptionActivity"
236-->src/main/AndroidManifest.xml:220:13-62
237            android:launchMode="singleTop"
237-->src/main/AndroidManifest.xml:221:13-43
238            android:screenOrientation="portrait"
238-->src/main/AndroidManifest.xml:222:13-49
239            android:windowSoftInputMode="stateAlwaysHidden" />
239-->src/main/AndroidManifest.xml:223:13-60
240        <activity
240-->src/main/AndroidManifest.xml:224:9-234:20
241            android:name="com.parttime.user.uicomman.SplashActivity"
241-->src/main/AndroidManifest.xml:225:13-69
242            android:launchMode="singleTop"
242-->src/main/AndroidManifest.xml:226:13-43
243            android:screenOrientation="portrait"
243-->src/main/AndroidManifest.xml:227:13-49
244            android:windowSoftInputMode="stateAlwaysHidden" >
244-->src/main/AndroidManifest.xml:228:13-60
245            <intent-filter>
245-->src/main/AndroidManifest.xml:229:13-233:29
246                <action android:name="android.intent.action.MAIN" />
246-->src/main/AndroidManifest.xml:230:17-69
246-->src/main/AndroidManifest.xml:230:25-66
247
248                <category android:name="android.intent.category.LAUNCHER" />
248-->src/main/AndroidManifest.xml:232:17-77
248-->src/main/AndroidManifest.xml:232:27-74
249            </intent-filter>
250        </activity>
251        <activity
251-->src/main/AndroidManifest.xml:235:9-239:57
252            android:name="com.partime.user.activities.RegisterActivity"
252-->src/main/AndroidManifest.xml:236:13-56
253            android:launchMode="singleTop"
253-->src/main/AndroidManifest.xml:237:13-43
254            android:screenOrientation="portrait"
254-->src/main/AndroidManifest.xml:238:13-49
255            android:windowSoftInputMode="stateHidden" />
255-->src/main/AndroidManifest.xml:239:13-54
256        <activity
256-->src/main/AndroidManifest.xml:240:9-244:63
257            android:name="com.parttime.user.uicomman.forgots.ForgotActivity"
257-->src/main/AndroidManifest.xml:241:13-77
258            android:launchMode="singleTop"
258-->src/main/AndroidManifest.xml:242:13-43
259            android:screenOrientation="portrait"
259-->src/main/AndroidManifest.xml:243:13-49
260            android:windowSoftInputMode="stateAlwaysHidden" />
260-->src/main/AndroidManifest.xml:244:13-60
261        <activity
261-->src/main/AndroidManifest.xml:245:9-249:63
262            android:name="com.partime.user.activities.HomeActivity"
262-->src/main/AndroidManifest.xml:246:13-52
263            android:launchMode="singleTop"
263-->src/main/AndroidManifest.xml:247:13-43
264            android:screenOrientation="portrait"
264-->src/main/AndroidManifest.xml:248:13-49
265            android:windowSoftInputMode="stateAlwaysHidden" />
265-->src/main/AndroidManifest.xml:249:13-60
266        <activity
266-->src/main/AndroidManifest.xml:250:9-255:63
267            android:name="com.parttime.user.uicomman.auth.LoginActivity"
267-->src/main/AndroidManifest.xml:251:13-73
268            android:launchMode="singleTop"
268-->src/main/AndroidManifest.xml:252:13-43
269            android:screenOrientation="portrait"
269-->src/main/AndroidManifest.xml:253:13-49
270            android:theme="@style/AppTheme.NoActionBar"
270-->src/main/AndroidManifest.xml:254:13-56
271            android:windowSoftInputMode="stateAlwaysHidden" /> <!-- walkthrough Screen -->
271-->src/main/AndroidManifest.xml:255:13-60
272        <activity
272-->src/main/AndroidManifest.xml:256:9-262:63
273            android:name="com.partime.user.uicomman.walkthroughs.WalkThroughActivity"
273-->src/main/AndroidManifest.xml:257:13-70
274            android:label="@string/title_activity_welcome"
274-->src/main/AndroidManifest.xml:258:13-59
275            android:launchMode="singleTop"
275-->src/main/AndroidManifest.xml:259:13-43
276            android:screenOrientation="portrait"
276-->src/main/AndroidManifest.xml:260:13-49
277            android:theme="@style/AppTheme.NoActionBar"
277-->src/main/AndroidManifest.xml:261:13-56
278            android:windowSoftInputMode="stateAlwaysHidden" /> <!-- Forgot Screen -->
278-->src/main/AndroidManifest.xml:262:13-60
279        <activity
279-->src/main/AndroidManifest.xml:263:9-268:63
280            android:name="com.parttime.user.uicomman.forgots.ForgotEmailActivity"
280-->src/main/AndroidManifest.xml:264:13-82
281            android:launchMode="singleTop"
281-->src/main/AndroidManifest.xml:265:13-43
282            android:screenOrientation="portrait"
282-->src/main/AndroidManifest.xml:266:13-49
283            android:theme="@style/AppTheme.NoActionBar"
283-->src/main/AndroidManifest.xml:267:13-56
284            android:windowSoftInputMode="stateAlwaysHidden" /> <!-- for notifications -->
284-->src/main/AndroidManifest.xml:268:13-60
285        <service android:name="com.partime.user.pushnotificaton.MyFirebaseMessegingServiceOne" >
285-->src/main/AndroidManifest.xml:269:9-273:19
285-->src/main/AndroidManifest.xml:269:18-79
286            <intent-filter>
286-->src/main/AndroidManifest.xml:270:13-272:29
287                <action android:name="com.google.firebase.MESSAGING_EVENT" />
287-->src/main/AndroidManifest.xml:271:17-78
287-->src/main/AndroidManifest.xml:271:25-75
288            </intent-filter>
289        </service>
290
291        <provider
292            android:name="androidx.core.content.FileProvider"
292-->src/main/AndroidManifest.xml:276:13-62
293            android:authorities="com.partime.user.provider"
293-->src/main/AndroidManifest.xml:277:13-60
294            android:exported="false"
294-->src/main/AndroidManifest.xml:278:13-37
295            android:grantUriPermissions="true" >
295-->src/main/AndroidManifest.xml:279:13-47
296            <meta-data
296-->src/main/AndroidManifest.xml:280:13-282:57
297                android:name="android.support.FILE_PROVIDER_PATHS"
297-->src/main/AndroidManifest.xml:281:17-67
298                android:resource="@xml/path_provider" />
298-->src/main/AndroidManifest.xml:282:17-54
299        </provider> <!-- for map -->
300        <meta-data
300-->src/main/AndroidManifest.xml:284:9-286:47
301            android:name="com.google.android.geo.API_KEY"
301-->src/main/AndroidManifest.xml:285:13-58
302            android:value="@string/api_key" />
302-->src/main/AndroidManifest.xml:286:13-44
303
304        <activity
304-->[com.github.rtchagas:pingplacepicker:1.1.6] AndroidManifest.xml:20:9-23:57
305            android:name="com.rtchagas.pingplacepicker.ui.PlacePickerActivity"
305-->[com.github.rtchagas:pingplacepicker:1.1.6] AndroidManifest.xml:21:13-79
306            android:launchMode="singleTop"
306-->[com.github.rtchagas:pingplacepicker:1.1.6] AndroidManifest.xml:22:13-43
307            android:theme="@style/PingTheme.NoStatus" />
307-->[com.github.rtchagas:pingplacepicker:1.1.6] AndroidManifest.xml:23:13-54
308
309        <meta-data
309-->[com.github.rtchagas:pingplacepicker:1.1.6] AndroidManifest.xml:29:9-31:69
310            android:name="com.google.android.gms.version"